<?xml version="1.0" encoding="UTF-8"?>
<testng-results ignored="0" total="1" passed="1" failed="0" skipped="0">
  <reporter-output>
  </reporter-output>
  <suite started-at="2024-01-12T15:53:29 EST" name="Default suite" finished-at="2024-01-12T15:53:38 EST" duration-ms="8488">
    <groups>
    </groups>
    <test started-at="2024-01-12T15:53:29 EST" name="Default test" finished-at="2024-01-12T15:53:38 EST" duration-ms="8488">
      <class name="com.qa.Testcase.AddToCartTest">
        <test-method is-config="true" signature="setup()[pri:0, instance:com.qa.Testcase.AddToCartTest@4f83df68]" started-at="2024-01-12T15:53:29 EST" name="setup" finished-at="2024-01-12T15:53:35 EST" duration-ms="6187" status="PASS">
          <reporter-output>
          </reporter-output>
        </test-method> <!-- setup -->
        <test-method signature="AddToCart()[pri:0, instance:com.qa.Testcase.AddToCartTest@4f83df68]" started-at="2024-01-12T15:53:35 EST" name="AddToCart" finished-at="2024-01-12T15:53:38 EST" duration-ms="2215" status="PASS">
          <reporter-output>
          </reporter-output>
        </test-method> <!-- AddToCart -->
      </class> <!-- com.qa.Testcase.AddToCartTest -->
    </test> <!-- Default test -->
  </suite> <!-- Default suite -->
</testng-results>
